

*******************************************************************************
Wed Mar 20 09:10:19 2024


FIT:    data read from "outtimes.txt"
        format = z
        #datapoints = 17
        residuals are weighted equally (unit weight)

function used for fitting: f(x)
	f(x)=b+(x/a)**c
fitted parameters initialized with current variable values

iter      chisq       delta/lim  lambda   a             b            
   0 3.4737261939e+05   0.00e+00  3.02e+02    9.000000e+01   1.000000e+00
  11 6.6506683157e-03  -2.22e-05  3.02e-09    5.471224e+02   2.849314e-03

After 11 iterations the fit converged.
final sum of squares of residuals : 0.00665067
rel. change during last iteration : -2.22088e-10

degrees of freedom    (FIT_NDF)                        : 15
rms of residuals      (FIT_STDFIT) = sqrt(WSSR/ndf)    : 0.0210565
variance of residuals (reduced chisquare) = WSSR/ndf   : 0.000443378

Final set of parameters            Asymptotic Standard Error
=======================            ==========================
a               = 547.122          +/- 2.383        (0.4356%)
b               = 0.00284931       +/- 0.00829      (291%)

correlation matrix of the fit parameters:
                a      b      
a               1.000 
b               0.788  1.000 
