

*******************************************************************************
Wed Mar 20 10:42:43 2024


FIT:    data read from "out.times.txt"
        format = z
        #datapoints = 9
        residuals are weighted equally (unit weight)

function used for fitting: f(x)
	f(x)=b+(x/a)**c
fitted parameters initialized with current variable values

iter      chisq       delta/lim  lambda   a             b            
   0 3.0001818673e+03   0.00e+00  3.93e+01    9.000000e+01   1.000000e+00
   8 1.2819201617e-02  -7.48e-06  3.93e-07    2.329842e+02   3.081598e-03

After 8 iterations the fit converged.
final sum of squares of residuals : 0.0128192
rel. change during last iteration : -7.47909e-11

degrees of freedom    (FIT_NDF)                        : 7
rms of residuals      (FIT_STDFIT) = sqrt(WSSR/ndf)    : 0.0427939
variance of residuals (reduced chisquare) = WSSR/ndf   : 0.00183131

Final set of parameters            Asymptotic Standard Error
=======================            ==========================
a               = 232.984          +/- 1.649        (0.7079%)
b               = 0.0030816        +/- 0.02265      (735.1%)

correlation matrix of the fit parameters:
                a      b      
a               1.000 
b               0.777  1.000 


*******************************************************************************
Wed Mar 20 10:42:43 2024


FIT:    data read from "out.times_opt.txt"
        format = z
        #datapoints = 9
        residuals are weighted equally (unit weight)

function used for fitting: fo(x)
	fo(x)=bo+(x/ao)**co
fitted parameters initialized with current variable values

iter      chisq       delta/lim  lambda   ao            bo           
   0 3.1116438559e+03   0.00e+00  3.93e+01    9.000000e+01   1.000000e+00
   8 1.6929200544e-02  -1.97e-05  3.93e-07    2.665542e+02   2.669916e-02

After 8 iterations the fit converged.
final sum of squares of residuals : 0.0169292
rel. change during last iteration : -1.9664e-10

degrees of freedom    (FIT_NDF)                        : 7
rms of residuals      (FIT_STDFIT) = sqrt(WSSR/ndf)    : 0.0491778
variance of residuals (reduced chisquare) = WSSR/ndf   : 0.00241846

Final set of parameters            Asymptotic Standard Error
=======================            ==========================
ao              = 266.554          +/- 3.247        (1.218%)
bo              = 0.0266992        +/- 0.02603      (97.5%)

correlation matrix of the fit parameters:
                ao     bo     
ao              1.000 
bo              0.777  1.000 
